<?xml version="1.0" encoding="UTF-8"?>
<testng-results skipped="0" failed="0" ignored="0" total="1" passed="1">
  <reporter-output>
  </reporter-output>
  <suite name="RestAssured" duration-ms="3073" started-at="2020-11-19T14:42:23Z" finished-at="2020-11-19T14:42:26Z">
    <groups>
    </groups>
    <test name="checkStatus" duration-ms="3073" started-at="2020-11-19T14:42:23Z" finished-at="2020-11-19T14:42:26Z">
      <class name="raghvendra.learning.DeserializeJsonArray">
        <test-method status="PASS" signature="deserializeJsonToListArray()[pri:0, instance:raghvendra.learning.DeserializeJsonArray@517cd4b]" name="deserializeJsonToListArray" duration-ms="3055" started-at="2020-11-19T20:12:23Z" finished-at="2020-11-19T20:12:26Z">
          <reporter-output>
          </reporter-output>
        </test-method> <!-- deserializeJsonToListArray -->
      </class> <!-- raghvendra.learning.DeserializeJsonArray -->
    </test> <!-- checkStatus -->
  </suite> <!-- RestAssured -->
</testng-results>
